<?xml version="1.0" encoding="UTF-8"?>
<!-- Generated by org.testng.reporters.JUnitXMLReporter -->
<testsuite ignored="0" hostname="Silver_knight" failures="0" tests="3" name="Default test" time="17.484" errors="0" timestamp="10 Sep 2024 06:02:03 GMT">
  <testcase classname="com.germany.AppGermany" name="loginPage" time="2.335"/>
  <testcase classname="com.germany.AppGermany" name="validCredentials" time="4.118"/>
  <testcase classname="com.germany.AppGermany" name="invalidCredentials" time="4.08"/>
</testsuite> <!-- Default test -->
