<?xml version="1.0" encoding="UTF-8"?>
<testng-results ignored="0" total="3" passed="3" failed="0" skipped="0">
  <reporter-output>
  </reporter-output>
  <suite started-at="2024-09-10T06:01:46Z" name="Default suite" finished-at="2024-09-10T06:02:03Z" duration-ms="17484">
    <groups>
    </groups>
    <test started-at="2024-09-10T06:01:46Z" name="Default test" finished-at="2024-09-10T06:02:03Z" duration-ms="17484">
      <class name="com.germany.AppGermany">
        <test-method is-config="true" signature="launchBrowser()[pri:0, instance:com.germany.AppGermany@6f36c2f0]" started-at="2024-09-10T06:01:46Z" name="launchBrowser" finished-at="2024-09-10T06:01:48Z" duration-ms="2248" status="PASS">
          <reporter-output>
          </reporter-output>
        </test-method> <!-- launchBrowser -->
        <test-method signature="loginPage()[pri:1, instance:com.germany.AppGermany@6f36c2f0]" started-at="2024-09-10T06:01:48Z" name="loginPage" finished-at="2024-09-10T06:01:51Z" duration-ms="2335" status="PASS">
          <reporter-output>
          </reporter-output>
        </test-method> <!-- loginPage -->
        <test-method is-config="true" signature="closetheBrowser()[pri:0, instance:com.germany.AppGermany@6f36c2f0]" started-at="2024-09-10T06:01:51Z" name="closetheBrowser" finished-at="2024-09-10T06:01:51Z" duration-ms="133" status="PASS">
          <reporter-output>
          </reporter-output>
        </test-method> <!-- closetheBrowser -->
        <test-method is-config="true" signature="launchBrowser()[pri:0, instance:com.germany.AppGermany@6f36c2f0]" started-at="2024-09-10T06:01:51Z" name="launchBrowser" finished-at="2024-09-10T06:01:54Z" duration-ms="2870" status="PASS">
          <reporter-output>
          </reporter-output>
        </test-method> <!-- launchBrowser -->
        <test-method signature="validCredentials()[pri:2, instance:com.germany.AppGermany@6f36c2f0]" started-at="2024-09-10T06:01:54Z" name="validCredentials" finished-at="2024-09-10T06:01:58Z" duration-ms="4118" status="PASS">
          <reporter-output>
          </reporter-output>
        </test-method> <!-- validCredentials -->
        <test-method is-config="true" signature="closetheBrowser()[pri:0, instance:com.germany.AppGermany@6f36c2f0]" started-at="2024-09-10T06:01:58Z" name="closetheBrowser" finished-at="2024-09-10T06:01:58Z" duration-ms="106" status="PASS">
          <reporter-output>
          </reporter-output>
        </test-method> <!-- closetheBrowser -->
        <test-method is-config="true" signature="launchBrowser()[pri:0, instance:com.germany.AppGermany@6f36c2f0]" started-at="2024-09-10T06:01:58Z" name="launchBrowser" finished-at="2024-09-10T06:01:59Z" duration-ms="1475" status="PASS">
          <reporter-output>
          </reporter-output>
        </test-method> <!-- launchBrowser -->
        <test-method signature="invalidCredentials()[pri:3, instance:com.germany.AppGermany@6f36c2f0]" started-at="2024-09-10T06:01:59Z" name="invalidCredentials" finished-at="2024-09-10T06:02:03Z" duration-ms="4080" status="PASS">
          <reporter-output>
          </reporter-output>
        </test-method> <!-- invalidCredentials -->
        <test-method is-config="true" signature="closetheBrowser()[pri:0, instance:com.germany.AppGermany@6f36c2f0]" started-at="2024-09-10T06:02:03Z" name="closetheBrowser" finished-at="2024-09-10T06:02:03Z" duration-ms="103" status="PASS">
          <reporter-output>
          </reporter-output>
        </test-method> <!-- closetheBrowser -->
      </class> <!-- com.germany.AppGermany -->
    </test> <!-- Default test -->
  </suite> <!-- Default suite -->
</testng-results>
